SteamixPlayer/app/build/intermediates/manifest_merge_blame_file/release/processReleaseMainManifest/manifest-merger-blame-release-report.txt
1<?xml version="1.0" encoding="utf-8"?>
2<manifest xmlns:android="http://schemas.android.com/apk/res/android"
3    package="com.steamixtv.player"
4    android:versionCode="1"
5    android:versionName="1.0" >
6
7    <uses-sdk
8        android:minSdkVersion="23"
9        android:targetSdkVersion="36" />
10
11    <uses-permission android:name="android.permission.INTERNET" />
11-->src\main\AndroidManifest.xml:4:5-67
11-->src\main\AndroidManifest.xml:4:22-64
12    <uses-permission android:name="android.permission.ACCESS_NETWORK_STATE" />
12-->src\main\AndroidManifest.xml:5:5-79
12-->src\main\AndroidManifest.xml:5:22-76
13    <uses-permission android:name="android.permission.WAKE_LOCK" />
13-->[androidx.media3:media3-exoplayer:1.9.2] AndroidManifest.xml:23:5-68
13-->[androidx.media3:media3-exoplayer:1.9.2] AndroidManifest.xml:23:22-65
14
15    <permission
15-->[androidx.core:core:1.15.0] AndroidManifest.xml:22:5-24:47
16        android:name="com.steamixtv.player.DYNAMIC_RECEIVER_NOT_EXPORTED_PERMISSION"
16-->[androidx.core:core:1.15.0] AndroidManifest.xml:23:9-81
17        android:protectionLevel="signature" />
17-->[androidx.core:core:1.15.0] AndroidManifest.xml:24:9-44
18
19    <uses-permission android:name="com.steamixtv.player.DYNAMIC_RECEIVER_NOT_EXPORTED_PERMISSION" />
19-->[androidx.core:core:1.15.0] AndroidManifest.xml:26:5-97
19-->[androidx.core:core:1.15.0] AndroidManifest.xml:26:22-94
20
21    <application
21-->src\main\AndroidManifest.xml:7:5-64:19
22        android:allowBackup="false"
22-->src\main\AndroidManifest.xml:8:9-36
23        android:appComponentFactory="androidx.core.app.CoreComponentFactory"
23-->[androidx.core:core:1.15.0] AndroidManifest.xml:28:18-86
24        android:extractNativeLibs="false"
25        android:label="@string/app_name"
25-->src\main\AndroidManifest.xml:9:9-41
26        android:networkSecurityConfig="@xml/network_security_config"
26-->src\main\AndroidManifest.xml:10:9-69
27        android:supportsRtl="true"
27-->src\main\AndroidManifest.xml:11:9-35
28        android:theme="@style/Theme.SteamixPlayer"
28-->src\main\AndroidManifest.xml:12:9-51
29        android:usesCleartextTraffic="true" >
29-->src\main\AndroidManifest.xml:13:9-44
30        <activity
30-->src\main\AndroidManifest.xml:15:9-62:20
31            android:name="com.steamixtv.player.MainActivity"
31-->src\main\AndroidManifest.xml:16:13-41
32            android:configChanges="keyboard|keyboardHidden|navigation|orientation|screenSize|screenLayout|smallestScreenSize"
32-->src\main\AndroidManifest.xml:19:13-126
33            android:exported="true"
33-->src\main\AndroidManifest.xml:17:13-36
34            android:launchMode="singleTask"
34-->src\main\AndroidManifest.xml:18:13-44
35            android:screenOrientation="landscape"
35-->src\main\AndroidManifest.xml:20:13-50
36            android:windowSoftInputMode="adjustResize" >
36-->src\main\AndroidManifest.xml:21:13-55
37
38            <!-- App launcher -->
39            <intent-filter>
39-->src\main\AndroidManifest.xml:24:13-27:29
40                <action android:name="android.intent.action.MAIN" />
40-->src\main\AndroidManifest.xml:25:17-69
40-->src\main\AndroidManifest.xml:25:25-66
41
42                <category android:name="android.intent.category.LAUNCHER" />
42-->src\main\AndroidManifest.xml:26:17-77
42-->src\main\AndroidManifest.xml:26:27-74
43            </intent-filter>
44
45            <!-- Handle video URLs from browser (ACTION_VIEW) -->
46            <intent-filter>
46-->src\main\AndroidManifest.xml:30:13-39:29
47                <action android:name="android.intent.action.VIEW" />
47-->src\main\AndroidManifest.xml:31:17-69
47-->src\main\AndroidManifest.xml:31:25-66
48
49                <category android:name="android.intent.category.DEFAULT" />
49-->src\main\AndroidManifest.xml:32:17-76
49-->src\main\AndroidManifest.xml:32:27-73
50                <category android:name="android.intent.category.BROWSABLE" />
50-->src\main\AndroidManifest.xml:33:17-78
50-->src\main\AndroidManifest.xml:33:27-75
51
52                <data android:scheme="http" />
52-->src\main\AndroidManifest.xml:34:17-47
52-->src\main\AndroidManifest.xml:34:23-44
53                <data android:scheme="https" />
53-->src\main\AndroidManifest.xml:34:17-47
53-->src\main\AndroidManifest.xml:34:23-44
54                <data android:mimeType="video/*" />
54-->src\main\AndroidManifest.xml:34:17-47
54-->src\main\AndroidManifest.xml:36:23-49
55                <data android:mimeType="application/x-mpegURL" />
55-->src\main\AndroidManifest.xml:34:17-47
55-->src\main\AndroidManifest.xml:36:23-49
56                <data android:mimeType="application/vnd.apple.mpegurl" />
56-->src\main\AndroidManifest.xml:34:17-47
56-->src\main\AndroidManifest.xml:36:23-49
57            </intent-filter>
58
59            <!-- Custom scheme: steamixtv://play?url=ENCODED_URL -->
60            <intent-filter>
60-->src\main\AndroidManifest.xml:42:13-47:29
61                <action android:name="android.intent.action.VIEW" />
61-->src\main\AndroidManifest.xml:31:17-69
61-->src\main\AndroidManifest.xml:31:25-66
62
63                <category android:name="android.intent.category.DEFAULT" />
63-->src\main\AndroidManifest.xml:32:17-76
63-->src\main\AndroidManifest.xml:32:27-73
64                <category android:name="android.intent.category.BROWSABLE" />
64-->src\main\AndroidManifest.xml:33:17-78
64-->src\main\AndroidManifest.xml:33:27-75
65
66                <data
66-->src\main\AndroidManifest.xml:34:17-47
67                    android:host="play"
67-->src\main\AndroidManifest.xml:46:50-69
68                    android:scheme="steamixtv" />
68-->src\main\AndroidManifest.xml:34:23-44
69            </intent-filter>
70
71            <!-- Handle streaming URLs from MX Player-style intents -->
72            <intent-filter>
72-->src\main\AndroidManifest.xml:50:13-60:29
73                <action android:name="android.intent.action.VIEW" />
73-->src\main\AndroidManifest.xml:31:17-69
73-->src\main\AndroidManifest.xml:31:25-66
74
75                <category android:name="android.intent.category.DEFAULT" />
75-->src\main\AndroidManifest.xml:32:17-76
75-->src\main\AndroidManifest.xml:32:27-73
76                <category android:name="android.intent.category.BROWSABLE" />
76-->src\main\AndroidManifest.xml:33:17-78
76-->src\main\AndroidManifest.xml:33:27-75
77
78                <data
78-->src\main\AndroidManifest.xml:34:17-47
79                    android:pathPattern=".*\\.mkv"
79-->src\main\AndroidManifest.xml:54:45-75
80                    android:scheme="http" />
80-->src\main\AndroidManifest.xml:34:23-44
81                <data
81-->src\main\AndroidManifest.xml:34:17-47
82                    android:pathPattern=".*\\.mp4"
82-->src\main\AndroidManifest.xml:54:45-75
83                    android:scheme="http" />
83-->src\main\AndroidManifest.xml:34:23-44
84                <data
84-->src\main\AndroidManifest.xml:34:17-47
85                    android:pathPattern=".*\\.m3u8"
85-->src\main\AndroidManifest.xml:54:45-75
86                    android:scheme="http" />
86-->src\main\AndroidManifest.xml:34:23-44
87                <data
87-->src\main\AndroidManifest.xml:34:17-47
88                    android:pathPattern=".*\\.mkv"
88-->src\main\AndroidManifest.xml:54:45-75
89                    android:scheme="https" />
89-->src\main\AndroidManifest.xml:34:23-44
90                <data
90-->src\main\AndroidManifest.xml:34:17-47
91                    android:pathPattern=".*\\.mp4"
91-->src\main\AndroidManifest.xml:54:45-75
92                    android:scheme="https" />
92-->src\main\AndroidManifest.xml:34:23-44
93                <data
93-->src\main\AndroidManifest.xml:34:17-47
94                    android:pathPattern=".*\\.m3u8"
94-->src\main\AndroidManifest.xml:54:45-75
95                    android:scheme="https" />
95-->src\main\AndroidManifest.xml:34:23-44
96            </intent-filter>
97        </activity>
98
99        <provider
99-->[androidx.emoji2:emoji2:1.3.0] AndroidManifest.xml:24:9-32:20
100            android:name="androidx.startup.InitializationProvider"
100-->[androidx.emoji2:emoji2:1.3.0] AndroidManifest.xml:25:13-67
101            android:authorities="com.steamixtv.player.androidx-startup"
101-->[androidx.emoji2:emoji2:1.3.0] AndroidManifest.xml:26:13-68
102            android:exported="false" >
102-->[androidx.emoji2:emoji2:1.3.0] AndroidManifest.xml:27:13-37
103            <meta-data
103-->[androidx.emoji2:emoji2:1.3.0] AndroidManifest.xml:29:13-31:52
104                android:name="androidx.emoji2.text.EmojiCompatInitializer"
104-->[androidx.emoji2:emoji2:1.3.0] AndroidManifest.xml:30:17-75
105                android:value="androidx.startup" />
105-->[androidx.emoji2:emoji2:1.3.0] AndroidManifest.xml:31:17-49
106            <meta-data
106-->[androidx.lifecycle:lifecycle-process:2.6.2] AndroidManifest.xml:29:13-31:52
107                android:name="androidx.lifecycle.ProcessLifecycleInitializer"
107-->[androidx.lifecycle:lifecycle-process:2.6.2] AndroidManifest.xml:30:17-78
108                android:value="androidx.startup" />
108-->[androidx.lifecycle:lifecycle-process:2.6.2] AndroidManifest.xml:31:17-49
109            <meta-data
109-->[androidx.profileinstaller:profileinstaller:1.4.0] AndroidManifest.xml:29:13-31:52
110                android:name="androidx.profileinstaller.ProfileInstallerInitializer"
110-->[androidx.profileinstaller:profileinstaller:1.4.0] AndroidManifest.xml:30:17-85
111                android:value="androidx.startup" />
111-->[androidx.profileinstaller:profileinstaller:1.4.0] AndroidManifest.xml:31:17-49
112        </provider>
113
114        <receiver
114-->[androidx.profileinstaller:profileinstaller:1.4.0] AndroidManifest.xml:34:9-52:20
115            android:name="androidx.profileinstaller.ProfileInstallReceiver"
115-->[androidx.profileinstaller:profileinstaller:1.4.0] AndroidManifest.xml:35:13-76
116            android:directBootAware="false"
116-->[androidx.profileinstaller:profileinstaller:1.4.0] AndroidManifest.xml:36:13-44
117            android:enabled="true"
117-->[androidx.profileinstaller:profileinstaller:1.4.0] AndroidManifest.xml:37:13-35
118            android:exported="true"
118-->[androidx.profileinstaller:profileinstaller:1.4.0] AndroidManifest.xml:38:13-36
119            android:permission="android.permission.DUMP" >
119-->[androidx.profileinstaller:profileinstaller:1.4.0] AndroidManifest.xml:39:13-57
120            <intent-filter>
120-->[androidx.profileinstaller:profileinstaller:1.4.0] AndroidManifest.xml:40:13-42:29
121                <action android:name="androidx.profileinstaller.action.INSTALL_PROFILE" />
121-->[androidx.profileinstaller:profileinstaller:1.4.0] AndroidManifest.xml:41:17-91
121-->[androidx.profileinstaller:profileinstaller:1.4.0] AndroidManifest.xml:41:25-88
122            </intent-filter>
123            <intent-filter>
123-->[androidx.profileinstaller:profileinstaller:1.4.0] AndroidManifest.xml:43:13-45:29
124                <action android:name="androidx.profileinstaller.action.SKIP_FILE" />
124-->[androidx.profileinstaller:profileinstaller:1.4.0] AndroidManifest.xml:44:17-85
124-->[androidx.profileinstaller:profileinstaller:1.4.0] AndroidManifest.xml:44:25-82
125            </intent-filter>
126            <intent-filter>
126-->[androidx.profileinstaller:profileinstaller:1.4.0] AndroidManifest.xml:46:13-48:29
127                <action android:name="androidx.profileinstaller.action.SAVE_PROFILE" />
127-->[androidx.profileinstaller:profileinstaller:1.4.0] AndroidManifest.xml:47:17-88
127-->[androidx.profileinstaller:profileinstaller:1.4.0] AndroidManifest.xml:47:25-85
128            </intent-filter>
129            <intent-filter>
129-->[androidx.profileinstaller:profileinstaller:1.4.0] AndroidManifest.xml:49:13-51:29
130                <action android:name="androidx.profileinstaller.action.BENCHMARK_OPERATION" />
130-->[androidx.profileinstaller:profileinstaller:1.4.0] AndroidManifest.xml:50:17-95
130-->[androidx.profileinstaller:profileinstaller:1.4.0] AndroidManifest.xml:50:25-92
131            </intent-filter>
132        </receiver>
133    </application>
134
135</manifest>